<?xml version="1.0" encoding="UTF-8"?>
<!-- Generated by org.testng.reporters.JUnitReportReporter -->
<testsuite hostname="PC" name="pravin.pract.mockitopractice.AppTest" tests="1" failures="0" timestamp="1 Nov 2015 19:32:34 GMT" time="0.397" errors="0">
  <testcase name="testApp" time="0.397" classname="pravin.pract.mockitopractice.AppTest"/>
</testsuite>
