<?xml version="1.0" encoding="UTF-8"?>
<!-- Generated by org.testng.reporters.JUnitReportReporter -->
<testsuite hostname="PC" name="pkg1.AppTest" tests="1" failures="0" timestamp="27 Oct 2015 13:07:22 GMT" time="0.169" errors="0">
  <testcase name="AppTest" time="0.169" classname="pkg1.AppTest"/>
</testsuite>
