<?xml version="1.0" encoding="UTF-8"?>
<!-- Generated by org.testng.reporters.JUnitReportReporter -->
<testsuite hostname="PC" name="pkg1.OrdersTest" tests="3" failures="0" timestamp="27 Oct 2015 13:07:22 GMT" time="0.005" errors="0">
  <testcase name="testOrdersAreGeneratedWithIncrementalId" time="0.001" classname="pkg1.OrdersTest"/>
  <testcase name="testOrderMenuIsNotNull" time="0.003" classname="pkg1.OrdersTest"/>
  <testcase name="testWebServiceReturnsValue" time="0.001" classname="pkg1.OrdersTest"/>
</testsuite>
